<?xml version="1.0" encoding="UTF-8"?>
<!-- Generated by org.testng.reporters.JUnitReportReporter -->
<testsuite hostname="DESKTOP-3F75N2A" failures="0" tests="1" name="com.mystore.testcases.OrderSummeryPageTest" time="9.647" errors="0" timestamp="2023-07-31T16:31:12 IST" skipped="0">
  <testcase classname="com.mystore.testcases.OrderSummeryPageTest" name="VerifyAddToCart" time="9.647"/>
</testsuite> <!-- com.mystore.testcases.OrderSummeryPageTest -->
