<?xml version="1.0" encoding="UTF-8"?>
<!-- Generated by org.testng.reporters.JUnitReportReporter -->
<testsuite hostname="DESKTOP-3F75N2A" failures="0" tests="1" name="com.mystore.testcases.LoginPageTest" time="12.013" errors="0" timestamp="2023-08-05T13:03:37 IST" skipped="0">
  <testcase classname="com.mystore.testcases.LoginPageTest" name="loginTest" time="12.013"/>
</testsuite> <!-- com.mystore.testcases.LoginPageTest -->
