<?xml version="1.0" encoding="UTF-8"?>
<!-- Generated by org.testng.reporters.JUnitReportReporter -->
<testsuite hostname="DESKTOP-3F75N2A" failures="0" tests="2" name="com.mystore.testcases.IndexPageTest" time="0.278" errors="0" timestamp="2023-08-05T13:03:37 IST" skipped="0">
  <testcase classname="com.mystore.testcases.IndexPageTest" name="VerifyLogo" time="0.245"/>
  <testcase classname="com.mystore.testcases.IndexPageTest" name="VerifyTitle" time="0.033"/>
</testsuite> <!-- com.mystore.testcases.IndexPageTest -->
