<?xml version="1.0" encoding="UTF-8"?>
<!-- Generated by org.testng.reporters.JUnitReportReporter -->
<testsuite hostname="DESKTOP-3F75N2A" failures="0" tests="1" name="ExcelPractise.WriteExcel" time="1.650" errors="0" timestamp="2023-08-03T12:20:47 IST" skipped="0">
  <testcase classname="ExcelPractise.WriteExcel" name="validatesheet" time="1.650"/>
</testsuite> <!-- ExcelPractise.WriteExcel -->
